<?xml version="1.0" encoding="UTF-8"?>
<!DOCTYPE html PUBLIC "-//W3C//DTD XHTML 1.0 Strict//EN" "http://www.w3.org/TR/xhtml1/DTD/xhtml1-strict.dtd">
<html xmlns="http://www.w3.org/1999/xhtml">
<head>
    <title>My unit test</title>
    <meta name="generator" content="HTMLTestRunner 0.8.2"/>
    <meta http-equiv="Content-Type" content="text/html; charset=UTF-8"/>
    
<style type="text/css" media="screen">
body        { font-family: verdana, arial, helvetica, sans-serif; font-size: 80%; }
table       { font-size: 100%; }
pre         { }

/* -- heading ---------------------------------------------------------------------- */
h1 {
	font-size: 16pt;
	color: gray;
}
.heading {
    margin-top: 0ex;
    margin-bottom: 1ex;
}

.heading .attribute {
    margin-top: 1ex;
    margin-bottom: 0;
}

.heading .description {
    margin-top: 4ex;
    margin-bottom: 6ex;
}

/* -- css div popup ------------------------------------------------------------------------ */
a.popup_link {
}

a.popup_link:hover {
    color: red;
}

.popup_window {
    display: none;
    position: relative;
    left: 0px;
    top: 0px;
    /*border: solid #627173 1px; */
    padding: 10px;
    background-color: #E6E6D6;
    font-family: "Lucida Console", "Courier New", Courier, monospace;
    text-align: left;
    font-size: 8pt;
    width: 500px;
}

}
/* -- report ------------------------------------------------------------------------ */
#show_detail_line {
    margin-top: 3ex;
    margin-bottom: 1ex;
}
#result_table {
    width: 80%;
    border-collapse: collapse;
    border: 1px solid #777;
}
#header_row {
    font-weight: bold;
    color: white;
    background-color: #777;
}
#result_table td {
    border: 1px solid #777;
    padding: 2px;
}
#total_row  { font-weight: bold; }
.passClass  { background-color: #6c6; }
.failClass  { background-color: #c60; }
.errorClass { background-color: #c00; }
.passCase   { color: #6c6; }
.failCase   { color: #c60; font-weight: bold; }
.errorCase  { color: #c00; font-weight: bold; }
.hiddenRow  { display: none; }
.testcase   { margin-left: 2em; }


/* -- ending ---------------------------------------------------------------------- */
#ending {
}

</style>

</head>
<body>
<script language="javascript" type="text/javascript"><!--
output_list = Array();

/* level - 0:Summary; 1:Failed; 2:All */
function showCase(level) {
    trs = document.getElementsByTagName("tr");
    for (var i = 0; i < trs.length; i++) {
        tr = trs[i];
        id = tr.id;
        if (id.substr(0,2) == 'ft') {
            if (level < 1) {
                tr.className = 'hiddenRow';
            }
            else {
                tr.className = '';
            }
        }
        if (id.substr(0,2) == 'pt') {
            if (level > 1) {
                tr.className = '';
            }
            else {
                tr.className = 'hiddenRow';
            }
        }
    }
}


function showClassDetail(cid, count) {
    var id_list = Array(count);
    var toHide = 1;
    for (var i = 0; i < count; i++) {
        tid0 = 't' + cid.substr(1) + '.' + (i+1);
        tid = 'f' + tid0;
        tr = document.getElementById(tid);
        if (!tr) {
            tid = 'p' + tid0;
            tr = document.getElementById(tid);
        }
        id_list[i] = tid;
        if (tr.className) {
            toHide = 0;
        }
    }
    for (var i = 0; i < count; i++) {
        tid = id_list[i];
        if (toHide) {
            document.getElementById('div_'+tid).style.display = 'none'
            document.getElementById(tid).className = 'hiddenRow';
        }
        else {
            document.getElementById(tid).className = '';
        }
    }
}


function showTestDetail(div_id){
    var details_div = document.getElementById(div_id)
    var displayState = details_div.style.display
    // alert(displayState)
    if (displayState != 'block' ) {
        displayState = 'block'
        details_div.style.display = 'block'
    }
    else {
        details_div.style.display = 'none'
    }
}


function html_escape(s) {
    s = s.replace(/&/g,'&amp;');
    s = s.replace(/</g,'&lt;');
    s = s.replace(/>/g,'&gt;');
    return s;
}

/* obsoleted by detail in <div>
function showOutput(id, name) {
    var w = window.open("", //url
                    name,
                    "resizable,scrollbars,status,width=800,height=450");
    d = w.document;
    d.write("<pre>");
    d.write(html_escape(output_list[id]));
    d.write("\n");
    d.write("<a href='javascript:window.close()'>close</a>\n");
    d.write("</pre>\n");
    d.close();
}
*/
--></script>

<div class='heading'>
<h1>My unit test</h1>
<p class='attribute'><strong>Start Time:</strong> 2015-06-03 11:19:40</p>
<p class='attribute'><strong>Duration:</strong> 0:01:47.732000</p>
<p class='attribute'><strong>Status:</strong> Error 6</p>

<p class='description'>This demonstrates the report output by HTMLTestRunner.</p>
</div>



<p id='show_detail_line'>Show
<a href='javascript:showCase(0)'>Summary</a>
<a href='javascript:showCase(1)'>Failed</a>
<a href='javascript:showCase(2)'>All</a>
</p>
<table id='result_table'>
<colgroup>
<col align='left' />
<col align='right' />
<col align='right' />
<col align='right' />
<col align='right' />
<col align='right' />
</colgroup>
<tr id='header_row'>
    <td>Test Group/Test case</td>
    <td>Count</td>
    <td>Pass</td>
    <td>Fail</td>
    <td>Error</td>
    <td>View</td>
    <td>Screenshot</td>
</tr>

<tr class='errorClass'>
    <td>testcase_card.StudyCardTest</td>
    <td>6</td>
    <td>0</td>
    <td>0</td>
    <td>6</td>
    <td><a href="javascript:showClassDetail('c1',6)">Detail</a></td>
    <td>&nbsp;</td>
</tr>

<tr id='ft1.1' class='none'>
    <td class='errorCase'><div class='testcase'>test_add_exam_card</div></td>
    <td colspan='5' align='center'>

    <!--css div popup start-->
    <a class="popup_link" onfocus='this.blur();' href="javascript:showTestDetail('div_ft1.1')" >
        error</a>

    <div id='div_ft1.1' class="popup_window">
        <div style='text-align: left; color:red;cursor:pointer'>
        <a onfocus='this.blur();' onclick="document.getElementById('div_ft1.1').style.display = 'none' " >
           [x]</a>
        </div>
        <pre>
        
ft1.1: Traceback (most recent call last):
  File "C:\Users\guoyuling\Documents\GitHub\automation_test\Test_regress\src\testcase_card.py", line 187, in test_add_exam_card
    self.examcard_num = card_management.add_exam_card(self.cfg, self.driver, self.base_url, count, academy)
  File "C:\Users\guoyuling\Documents\GitHub\automation_test\Test_regress\src\card_management.py", line 154, in add_exam_card
    page_catename = get_academy_catename(cfg, driver, academy)
  File "C:\Users\guoyuling\Documents\GitHub\automation_test\Test_regress\src\card_management.py", line 127, in get_academy_catename
    ogacafpage.click_selectcourse()
  File "C:\Users\guoyuling\Documents\GitHub\automation_test\Test_regress\src\PO\org_card_page.py", line 235, in click_selectcourse
    self.cfg.get('org_manage', 'exam_selectcourse')).click()#ç¹å»éè¯¾
  File "C:\Program Files (x86)\Python27\lib\site-packages\selenium-2.42.1-py2.7.egg\selenium\webdriver\remote\webdriver.py", line 662, in find_element
    {'using': by, 'value': value})['value']
  File "C:\Program Files (x86)\Python27\lib\site-packages\selenium-2.42.1-py2.7.egg\selenium\webdriver\remote\webdriver.py", line 173, in execute
    self.error_handler.check_response(response)
  File "C:\Program Files (x86)\Python27\lib\site-packages\selenium-2.42.1-py2.7.egg\selenium\webdriver\remote\errorhandler.py", line 164, in check_response
    raise exception_class(message, screen, stacktrace)
NoSuchElementException: Message: u'Unable to locate element: {"method":"css selector","selector":".sel-course"}' ; Stacktrace: 
    at FirefoxDriver.prototype.findElementInternal_ (file:///c:/users/guoyul~1/appdata/local/temp/tmpardfss/extensions/fxdriver@googlecode.com/components/driver_component.js:9470:7)
    at fxdriver.Timer.prototype.setTimeout/&lt;.notify (file:///c:/users/guoyul~1/appdata/local/temp/tmpardfss/extensions/fxdriver@googlecode.com/components/driver_component.js:407:5) 


        </pre>
    </div>
    <!--css div popup end-->

    </td>
    <td align='center'>
    <a target=_blank href="file://C://test_rs_pic/">check Screenshot</a>
    </td>
</tr>

<tr id='ft1.2' class='none'>
    <td class='errorCase'><div class='testcase'>test_buy_listen_card</div></td>
    <td colspan='5' align='center'>

    <!--css div popup start-->
    <a class="popup_link" onfocus='this.blur();' href="javascript:showTestDetail('div_ft1.2')" >
        error</a>

    <div id='div_ft1.2' class="popup_window">
        <div style='text-align: left; color:red;cursor:pointer'>
        <a onfocus='this.blur();' onclick="document.getElementById('div_ft1.2').style.display = 'none' " >
           [x]</a>
        </div>
        <pre>
        
ft1.2: Traceback (most recent call last):
  File "C:\Users\guoyuling\Documents\GitHub\automation_test\Test_regress\src\testcase_card.py", line 127, in test_buy_listen_card
    card_management.buy_listen_card(self.cfg, self.driver, self.base_url)
  File "C:\Users\guoyuling\Documents\GitHub\automation_test\Test_regress\src\card_management.py", line 86, in buy_listen_card
    ogmancardgroup.open()
  File "C:\Users\guoyuling\Documents\GitHub\automation_test\Test_regress\src\PO\org_card_page.py", line 22, in open
    m.click_org_mancardgroup()
  File "C:\Users\guoyuling\Documents\GitHub\automation_test\Test_regress\src\PO\myoffice_page.py", line 101, in click_org_mancardgroup
    self.dr.find_element_by_link_text(u"ç®¡çå¡ç»").click()
  File "C:\Program Files (x86)\Python27\lib\site-packages\selenium-2.42.1-py2.7.egg\selenium\webdriver\remote\webdriver.py", line 254, in find_element_by_link_text
    return self.find_element(by=By.LINK_TEXT, value=link_text)
  File "C:\Program Files (x86)\Python27\lib\site-packages\selenium-2.42.1-py2.7.egg\selenium\webdriver\remote\webdriver.py", line 662, in find_element
    {'using': by, 'value': value})['value']
  File "C:\Program Files (x86)\Python27\lib\site-packages\selenium-2.42.1-py2.7.egg\selenium\webdriver\remote\webdriver.py", line 173, in execute
    self.error_handler.check_response(response)
  File "C:\Program Files (x86)\Python27\lib\site-packages\selenium-2.42.1-py2.7.egg\selenium\webdriver\remote\errorhandler.py", line 164, in check_response
    raise exception_class(message, screen, stacktrace)
NoSuchElementException: Message: u'Unable to locate element: {"method":"link text","selector":"\u7ba1\u7406\u5361\u7ec4"}' ; Stacktrace: 
    at FirefoxDriver.prototype.findElementInternal_ (file:///c:/users/guoyul~1/appdata/local/temp/tmpyf52bf/extensions/fxdriver@googlecode.com/components/driver_component.js:9470:7)
    at fxdriver.Timer.prototype.setTimeout/&lt;.notify (file:///c:/users/guoyul~1/appdata/local/temp/tmpyf52bf/extensions/fxdriver@googlecode.com/components/driver_component.js:407:5) 


        </pre>
    </div>
    <!--css div popup end-->

    </td>
    <td align='center'>
    <a target=_blank href="file://C://test_rs_pic/">check Screenshot</a>
    </td>
</tr>

<tr id='ft1.3' class='none'>
    <td class='errorCase'><div class='testcase'>test_cate_cardgroup</div></td>
    <td colspan='5' align='center'>

    <!--css div popup start-->
    <a class="popup_link" onfocus='this.blur();' href="javascript:showTestDetail('div_ft1.3')" >
        error</a>

    <div id='div_ft1.3' class="popup_window">
        <div style='text-align: left; color:red;cursor:pointer'>
        <a onfocus='this.blur();' onclick="document.getElementById('div_ft1.3').style.display = 'none' " >
           [x]</a>
        </div>
        <pre>
        
ft1.3: Traceback (most recent call last):
  File "C:\Users\guoyuling\Documents\GitHub\automation_test\Test_regress\src\testcase_card.py", line 108, in test_cate_cardgroup
    card_management.add_cate_cardgroup(self.cfg, self.driver, self.base_url, self.org_name, title)
  File "C:\Users\guoyuling\Documents\GitHub\automation_test\Test_regress\src\card_management.py", line 72, in add_cate_cardgroup
    ogmancardgroup.open()
  File "C:\Users\guoyuling\Documents\GitHub\automation_test\Test_regress\src\PO\org_card_page.py", line 22, in open
    m.click_org_mancardgroup()
  File "C:\Users\guoyuling\Documents\GitHub\automation_test\Test_regress\src\PO\myoffice_page.py", line 101, in click_org_mancardgroup
    self.dr.find_element_by_link_text(u"ç®¡çå¡ç»").click()
  File "C:\Program Files (x86)\Python27\lib\site-packages\selenium-2.42.1-py2.7.egg\selenium\webdriver\remote\webdriver.py", line 254, in find_element_by_link_text
    return self.find_element(by=By.LINK_TEXT, value=link_text)
  File "C:\Program Files (x86)\Python27\lib\site-packages\selenium-2.42.1-py2.7.egg\selenium\webdriver\remote\webdriver.py", line 662, in find_element
    {'using': by, 'value': value})['value']
  File "C:\Program Files (x86)\Python27\lib\site-packages\selenium-2.42.1-py2.7.egg\selenium\webdriver\remote\webdriver.py", line 173, in execute
    self.error_handler.check_response(response)
  File "C:\Program Files (x86)\Python27\lib\site-packages\selenium-2.42.1-py2.7.egg\selenium\webdriver\remote\errorhandler.py", line 164, in check_response
    raise exception_class(message, screen, stacktrace)
NoSuchElementException: Message: u'Unable to locate element: {"method":"link text","selector":"\u7ba1\u7406\u5361\u7ec4"}' ; Stacktrace: 
    at FirefoxDriver.prototype.findElementInternal_ (file:///c:/users/guoyul~1/appdata/local/temp/tmp7uaozr/extensions/fxdriver@googlecode.com/components/driver_component.js:9470:7)
    at fxdriver.Timer.prototype.setTimeout/&lt;.notify (file:///c:/users/guoyul~1/appdata/local/temp/tmp7uaozr/extensions/fxdriver@googlecode.com/components/driver_component.js:407:5) 


        </pre>
    </div>
    <!--css div popup end-->

    </td>
    <td align='center'>
    <a target=_blank href="file://C://test_rs_pic/">check Screenshot</a>
    </td>
</tr>

<tr id='ft1.4' class='none'>
    <td class='errorCase'><div class='testcase'>test_course_cardgroup</div></td>
    <td colspan='5' align='center'>

    <!--css div popup start-->
    <a class="popup_link" onfocus='this.blur();' href="javascript:showTestDetail('div_ft1.4')" >
        error</a>

    <div id='div_ft1.4' class="popup_window">
        <div style='text-align: left; color:red;cursor:pointer'>
        <a onfocus='this.blur();' onclick="document.getElementById('div_ft1.4').style.display = 'none' " >
           [x]</a>
        </div>
        <pre>
        
ft1.4: Traceback (most recent call last):
  File "C:\Users\guoyuling\Documents\GitHub\automation_test\Test_regress\src\testcase_card.py", line 88, in test_course_cardgroup
    card_management.add_course_cardgroup(self.cfg, self.driver, self.base_url, self.org_name, group_name=title)
  File "C:\Users\guoyuling\Documents\GitHub\automation_test\Test_regress\src\card_management.py", line 57, in add_course_cardgroup
    ogmancardgroup.open()
  File "C:\Users\guoyuling\Documents\GitHub\automation_test\Test_regress\src\PO\org_card_page.py", line 22, in open
    m.click_org_mancardgroup()
  File "C:\Users\guoyuling\Documents\GitHub\automation_test\Test_regress\src\PO\myoffice_page.py", line 101, in click_org_mancardgroup
    self.dr.find_element_by_link_text(u"ç®¡çå¡ç»").click()
  File "C:\Program Files (x86)\Python27\lib\site-packages\selenium-2.42.1-py2.7.egg\selenium\webdriver\remote\webdriver.py", line 254, in find_element_by_link_text
    return self.find_element(by=By.LINK_TEXT, value=link_text)
  File "C:\Program Files (x86)\Python27\lib\site-packages\selenium-2.42.1-py2.7.egg\selenium\webdriver\remote\webdriver.py", line 662, in find_element
    {'using': by, 'value': value})['value']
  File "C:\Program Files (x86)\Python27\lib\site-packages\selenium-2.42.1-py2.7.egg\selenium\webdriver\remote\webdriver.py", line 173, in execute
    self.error_handler.check_response(response)
  File "C:\Program Files (x86)\Python27\lib\site-packages\selenium-2.42.1-py2.7.egg\selenium\webdriver\remote\errorhandler.py", line 164, in check_response
    raise exception_class(message, screen, stacktrace)
NoSuchElementException: Message: u'Unable to locate element: {"method":"link text","selector":"\u7ba1\u7406\u5361\u7ec4"}' ; Stacktrace: 
    at FirefoxDriver.prototype.findElementInternal_ (file:///c:/users/guoyul~1/appdata/local/temp/tmpnjxx8u/extensions/fxdriver@googlecode.com/components/driver_component.js:9470:7)
    at fxdriver.Timer.prototype.setTimeout/&lt;.notify (file:///c:/users/guoyul~1/appdata/local/temp/tmpnjxx8u/extensions/fxdriver@googlecode.com/components/driver_component.js:407:5) 


        </pre>
    </div>
    <!--css div popup end-->

    </td>
    <td align='center'>
    <a target=_blank href="file://C://test_rs_pic/">check Screenshot</a>
    </td>
</tr>

<tr id='ft1.5' class='none'>
    <td class='errorCase'><div class='testcase'>test_listen_cardgroup</div></td>
    <td colspan='5' align='center'>

    <!--css div popup start-->
    <a class="popup_link" onfocus='this.blur();' href="javascript:showTestDetail('div_ft1.5')" >
        error</a>

    <div id='div_ft1.5' class="popup_window">
        <div style='text-align: left; color:red;cursor:pointer'>
        <a onfocus='this.blur();' onclick="document.getElementById('div_ft1.5').style.display = 'none' " >
           [x]</a>
        </div>
        <pre>
        
ft1.5: Traceback (most recent call last):
  File "C:\Users\guoyuling\Documents\GitHub\automation_test\Test_regress\src\testcase_card.py", line 140, in test_listen_cardgroup
    card_management.add_listen_cardgroup(self.cfg, self.driver, self.base_url, self.org_name, group_name=title)
  File "C:\Users\guoyuling\Documents\GitHub\automation_test\Test_regress\src\card_management.py", line 99, in add_listen_cardgroup
    ogmancardgroup.open()
  File "C:\Users\guoyuling\Documents\GitHub\automation_test\Test_regress\src\PO\org_card_page.py", line 22, in open
    m.click_org_mancardgroup()
  File "C:\Users\guoyuling\Documents\GitHub\automation_test\Test_regress\src\PO\myoffice_page.py", line 101, in click_org_mancardgroup
    self.dr.find_element_by_link_text(u"ç®¡çå¡ç»").click()
  File "C:\Program Files (x86)\Python27\lib\site-packages\selenium-2.42.1-py2.7.egg\selenium\webdriver\remote\webdriver.py", line 254, in find_element_by_link_text
    return self.find_element(by=By.LINK_TEXT, value=link_text)
  File "C:\Program Files (x86)\Python27\lib\site-packages\selenium-2.42.1-py2.7.egg\selenium\webdriver\remote\webdriver.py", line 662, in find_element
    {'using': by, 'value': value})['value']
  File "C:\Program Files (x86)\Python27\lib\site-packages\selenium-2.42.1-py2.7.egg\selenium\webdriver\remote\webdriver.py", line 173, in execute
    self.error_handler.check_response(response)
  File "C:\Program Files (x86)\Python27\lib\site-packages\selenium-2.42.1-py2.7.egg\selenium\webdriver\remote\errorhandler.py", line 164, in check_response
    raise exception_class(message, screen, stacktrace)
NoSuchElementException: Message: u'Unable to locate element: {"method":"link text","selector":"\u7ba1\u7406\u5361\u7ec4"}' ; Stacktrace: 
    at FirefoxDriver.prototype.findElementInternal_ (file:///c:/users/guoyul~1/appdata/local/temp/tmpgmyjzb/extensions/fxdriver@googlecode.com/components/driver_component.js:9470:7)
    at fxdriver.Timer.prototype.setTimeout/&lt;.notify (file:///c:/users/guoyul~1/appdata/local/temp/tmpgmyjzb/extensions/fxdriver@googlecode.com/components/driver_component.js:407:5) 


        </pre>
    </div>
    <!--css div popup end-->

    </td>
    <td align='center'>
    <a target=_blank href="file://C://test_rs_pic/">check Screenshot</a>
    </td>
</tr>

<tr id='ft1.6' class='none'>
    <td class='errorCase'><div class='testcase'>test_prepaid_cardgroup</div></td>
    <td colspan='5' align='center'>

    <!--css div popup start-->
    <a class="popup_link" onfocus='this.blur();' href="javascript:showTestDetail('div_ft1.6')" >
        error</a>

    <div id='div_ft1.6' class="popup_window">
        <div style='text-align: left; color:red;cursor:pointer'>
        <a onfocus='this.blur();' onclick="document.getElementById('div_ft1.6').style.display = 'none' " >
           [x]</a>
        </div>
        <pre>
        
ft1.6: Traceback (most recent call last):
  File "C:\Users\guoyuling\Documents\GitHub\automation_test\Test_regress\src\testcase_card.py", line 68, in test_prepaid_cardgroup
    card_management.add_prepaid_cardgroup(self.cfg, self.driver, self.base_url, self.org_name, group_name=title, group_price=price)
  File "C:\Users\guoyuling\Documents\GitHub\automation_test\Test_regress\src\card_management.py", line 46, in add_prepaid_cardgroup
    ogmancardgroup.open()
  File "C:\Users\guoyuling\Documents\GitHub\automation_test\Test_regress\src\PO\org_card_page.py", line 22, in open
    m.click_org_mancardgroup()
  File "C:\Users\guoyuling\Documents\GitHub\automation_test\Test_regress\src\PO\myoffice_page.py", line 101, in click_org_mancardgroup
    self.dr.find_element_by_link_text(u"ç®¡çå¡ç»").click()
  File "C:\Program Files (x86)\Python27\lib\site-packages\selenium-2.42.1-py2.7.egg\selenium\webdriver\remote\webdriver.py", line 254, in find_element_by_link_text
    return self.find_element(by=By.LINK_TEXT, value=link_text)
  File "C:\Program Files (x86)\Python27\lib\site-packages\selenium-2.42.1-py2.7.egg\selenium\webdriver\remote\webdriver.py", line 662, in find_element
    {'using': by, 'value': value})['value']
  File "C:\Program Files (x86)\Python27\lib\site-packages\selenium-2.42.1-py2.7.egg\selenium\webdriver\remote\webdriver.py", line 173, in execute
    self.error_handler.check_response(response)
  File "C:\Program Files (x86)\Python27\lib\site-packages\selenium-2.42.1-py2.7.egg\selenium\webdriver\remote\errorhandler.py", line 164, in check_response
    raise exception_class(message, screen, stacktrace)
NoSuchElementException: Message: u'Unable to locate element: {"method":"link text","selector":"\u7ba1\u7406\u5361\u7ec4"}' ; Stacktrace: 
    at FirefoxDriver.prototype.findElementInternal_ (file:///c:/users/guoyul~1/appdata/local/temp/tmpooghzt/extensions/fxdriver@googlecode.com/components/driver_component.js:9470:7)
    at fxdriver.Timer.prototype.setTimeout/&lt;.notify (file:///c:/users/guoyul~1/appdata/local/temp/tmpooghzt/extensions/fxdriver@googlecode.com/components/driver_component.js:407:5) 


        </pre>
    </div>
    <!--css div popup end-->

    </td>
    <td align='center'>
    <a target=_blank href="file://C://test_rs_pic/">check Screenshot</a>
    </td>
</tr>

<tr id='total_row'>
    <td>Total</td>
    <td>6</td>
    <td>0</td>
    <td>0</td>
    <td>6</td>
    <td>&nbsp;</td>
    <td>&nbsp;</td>
</tr>
</table>

<div id='ending'>&nbsp;</div>

</body>
</html>
